<?xml version="1.0" encoding="UTF-8"?>
<!-- Generated by org.testng.reporters.JUnitReportReporter -->
<testsuite hostname="RAYAN" failures="0" tests="1" name="Macy_TestRunner.Macy_TestRunner" time="5.887" errors="0" timestamp="2023-10-02T20:05:05 EDT" skipped="0">
  <testcase classname="Macy_TestRunner.Macy_TestRunner" name="feature" time="5.887"/>
</testsuite> <!-- Macy_TestRunner.Macy_TestRunner -->
